#
# A fatal error has been detected by the Java Runtime Environment:
#
#  SIGSEGV (0xb) at pc=0x0000000198750997, pid=26369, tid=1799
#
# JRE version: Java(TM) SE Runtime Environment (7.0_55-b13) (build 1.7.0_55-b13)
# Java VM: Java HotSpot(TM) 64-Bit Server VM (24.55-b03 mixed mode bsd-amd64 compressed oops)
# Problematic frame:
# C  [IOAccelerator+0x1997]  IOAccelContextGetSidebandBuffer+0x1a
#
# Failed to write core dump. Core dumps have been disabled. To enable core dumping, try "ulimit -c unlimited" before starting Java again
#
# If you would like to submit a bug report, please visit:
#   http://bugreport.sun.com/bugreport/crash.jsp
# The crash happened outside the Java Virtual Machine in native code.
# See problematic frame for where to report the bug.
#

---------------  T H R E A D  ---------------

Current thread (0x00007ffec9832800):  JavaThread "AppKit Thread" daemon [_thread_in_native, id=1799, stack(0x00007fff58e7b000,0x00007fff5967b000)]

siginfo:si_signo=SIGSEGV: si_errno=0, si_code=1 (SEGV_MAPERR), si_addr=0x0000000000000018

Registers:
RAX=0x00007fff7393e244, RBX=0x00007ffeca8e4cf0, RCX=0x00007ffec91722e8, RDX=0x0000000000000907
RSP=0x00007fff596753a0, RBP=0x00007fff596753c0, RSI=0x00007ffeca8e4cf0, RDI=0x0000000000000000
R8 =0x00000001065b9400, R9 =0x00007ffeca8f3c00, R10=0x00007ffec8801800, R11=0x00000000034db461
R12=0x00007ffec9172000, R13=0x00007ffec9028948, R14=0x00007ffeca8e4cf8, R15=0x00007ffec9028a00
RIP=0x0000000198750997, EFLAGS=0x0000000000010206, ERR=0x0000000000000004
  TRAPNO=0x000000000000000e

Top of Stack: (sp=0x00007fff596753a0)
0x00007fff596753a0:   00007fff596753c0 0000000198750f45
0x00007fff596753b0:   00007ffeca8e4000 000000019a9a4e58
0x00007fff596753c0:   00007fff59675830 000000019875e3fe
0x00007fff596753d0:   000000019a9a4e58 00007ffecb033040
0x00007fff596753e0:   00007ffecb040f10 00007ffecb040cb0
0x00007fff596753f0:   00007ffecb040cc0 00007ffec910dfb0
0x00007fff59675400:   ffff800137bfbe0f 00007fff74157cc8
0x00007fff59675410:   fffffffffffffffe 00007fff8a091856
0x00007fff59675420:   000000010659e000 00007fff596754c4
0x00007fff59675430:   00007fff596754c0 00007fff88476d57
0x00007fff59675440:   00007fff74151fc8 00007fff596754bc
0x00007fff59675450:   00007fff74151fe4 00007fff74151fe0
0x00007fff59675460:   00007fff74151fe8 0000004000002060
0x00007fff59675470:   000000004d555458 00007fff748337d8
0x00007fff59675480:   00000001979fbbd0 0000000000000000
0x00007fff59675490:   00007fff74151fc8 00000000000000cd
0x00007fff596754a0:   00007fff596754e0 00007fff8a092165
0x00007fff596754b0:   00000000001d3c7d 00002060748337d8
0x00007fff596754c0:   0027410000274100 00007fff748337d8
0x00007fff596754d0:   00007fff748337d8 00000000000000cd
0x00007fff596754e0:   00007fff59675520 00007fff8a0930d5
0x00007fff596754f0:   001567007478fd88 0000000000156703
0x00007fff59675500:   00000000748337d8 00007fff74157d38
0x00007fff59675510:   0000000000156701 001567008f57e7cd
0x00007fff59675520:   0015690000156800 0000000000000000
0x00007fff59675530:   0015670300156701 00007fff74157d4c
0x00007fff59675540:   0000000000000000 00007fff8ecacbbd
0x00007fff59675550:   00007fff7478fd88 0000000000000000
0x00007fff59675560:   00007fff748337d8 00007fff8f57e7cd
0x00007fff59675570:   00007fff596755b0 00007fff6619d35d
0x00007fff59675580:   00007fff661bb5f0 00007ffec9314480
0x00007fff59675590:   0000000000000001 00007fff661c80f8 

Instructions: (pc=0x0000000198750997)
0x0000000198750977:   00 5b 41 5e 5d c3 55 48 89 e5 41 56 53 48 83 ec
0x0000000198750987:   10 49 89 d6 48 89 f3 48 8b 05 93 46 00 00 8b 10
0x0000000198750997:   8b 7f 18 48 8d 4d e8 4c 8d 45 e0 be 00 00 00 00
0x00000001987509a7:   41 b9 01 00 00 00 e8 80 23 00 00 85 c0 75 0d 48 

Register to memory mapping:

RAX=0x00007fff7393e244: mach_task_self_+0 in /usr/lib/system/libsystem_kernel.dylib at 0x00007fff88a0d000
RBX=0x00007ffeca8e4cf0 is an unknown value
RCX=0x00007ffec91722e8 is an unknown value
RDX=0x0000000000000907 is an unknown value
RSP=0x00007fff596753a0 is pointing into the stack for thread: 0x00007ffec9832800
RBP=0x00007fff596753c0 is pointing into the stack for thread: 0x00007ffec9832800
RSI=0x00007ffeca8e4cf0 is an unknown value
RDI=0x0000000000000000 is an unknown value
R8 =0x00000001065b9400 is an unknown value
R9 =0x00007ffeca8f3c00 is an unknown value
R10=0x00007ffec8801800 is an unknown value
R11=0x00000000034db461 is an unknown value
R12=0x00007ffec9172000 is an unknown value
R13=0x00007ffec9028948 is an unknown value
R14=0x00007ffeca8e4cf8 is an unknown value
R15=0x00007ffec9028a00 is an unknown value


Stack: [0x00007fff58e7b000,0x00007fff5967b000],  sp=0x00007fff596753a0,  free space=8168k
Native frames: (J=compiled Java code, j=interpreted, Vv=VM code, C=native code)
C  [IOAccelerator+0x1997]  IOAccelContextGetSidebandBuffer+0x1a
C  [libGPUSupportMercury.dylib+0x23fe]  gldCreateContext+0x14d
C  [GLEngine+0x223f]  gliCreateContextWithShared+0x368
C  [OpenGL+0x4982]  CGLCreateContext+0x3ca
C  [AppKit+0x2813c1]  -[NSOpenGLContext initWithFormat:shareContext:]+0x151
C  [liblwawt.dylib+0x11013]  +[GraphicsConfigUtil _getCGLConfigInfo:]+0x3ca
C  [Foundation+0x935ca]  __NSThreadPerformPerform+0xe1
C  [CoreFoundation+0x12b31]  __CFRUNLOOP_IS_CALLING_OUT_TO_A_SOURCE0_PERFORM_FUNCTION__+0x11
C  [CoreFoundation+0x12455]  __CFRunLoopDoSources0+0xf5
C  [CoreFoundation+0x357f5]  __CFRunLoopRun+0x315
C  [CoreFoundation+0x350e2]  CFRunLoopRunSpecific+0x122
C  [HIToolbox+0x5feb4]  RunCurrentEventLoopInMode+0xd1
C  [HIToolbox+0x5fc52]  ReceiveNextEventCommon+0x164
C  [HIToolbox+0x5fae3]  BlockUntilNextEventMatchingListInMode+0x3e
C  [AppKit+0x155533]  _DPSNextEvent+0x2ad
C  [AppKit+0x154df2]  -[NSApplication nextEventMatchingMask:untilDate:inMode:dequeue:]+0x80
C  [libosxapp.dylib+0x24e3]  -[NSApplicationAWT nextEventMatchingMask:untilDate:inMode:dequeue:]+0x7c
C  [AppKit+0x14c1a3]  -[NSApplication run]+0x205
C  [libosxapp.dylib+0x2346]  +[NSApplicationAWT runAWTLoopWithApp:]+0x9c
C  [liblwawt.dylib+0xd999]  -[AWTStarter starter:]+0x369
C  [Foundation+0x935ca]  __NSThreadPerformPerform+0xe1
C  [CoreFoundation+0x12b31]  __CFRUNLOOP_IS_CALLING_OUT_TO_A_SOURCE0_PERFORM_FUNCTION__+0x11
C  [CoreFoundation+0x12455]  __CFRunLoopDoSources0+0xf5
C  [CoreFoundation+0x357f5]  __CFRunLoopRun+0x315
C  [CoreFoundation+0x350e2]  CFRunLoopRunSpecific+0x122
C  [java+0x73b0]  CreateExecutionEnvironment+0x367
C  [java+0x1b5c]  JLI_Launch+0x7a0
C  [java+0x770d]  main+0x65
C  [java+0x13b4]  start+0x34


---------------  P R O C E S S  ---------------

Java Threads: ( => current thread )
  0x00007ffec9833800 JavaThread "Java2D Queue Flusher" daemon [_thread_blocked, id=30475, stack(0x000000019a050000,0x000000019a150000)]
  0x00007ffeca8a5000 JavaThread "DestroyJavaVM" [_thread_blocked, id=6403, stack(0x0000000107106000,0x0000000107206000)]
  0x00007ffeca8a4000 JavaThread "AWT-EventQueue-0" [_thread_in_native, id=36875, stack(0x0000000199a20000,0x0000000199b20000)]
  0x00007ffeca03a000 JavaThread "AWT-Shutdown" [_thread_blocked, id=28423, stack(0x000000019991d000,0x0000000199a1d000)]
=>0x00007ffec9832800 JavaThread "AppKit Thread" daemon [_thread_in_native, id=1799, stack(0x00007fff58e7b000,0x00007fff5967b000)]
  0x00007ffec8822800 JavaThread "Service Thread" daemon [_thread_blocked, id=23043, stack(0x0000000196223000,0x0000000196323000)]
  0x00007ffec8822000 JavaThread "C2 CompilerThread1" daemon [_thread_blocked, id=22531, stack(0x0000000196120000,0x0000000196220000)]
  0x00007ffec8813000 JavaThread "C2 CompilerThread0" daemon [_thread_blocked, id=22019, stack(0x000000019601d000,0x000000019611d000)]
  0x00007ffec881a000 JavaThread "Signal Dispatcher" daemon [_thread_blocked, id=21507, stack(0x0000000195f1a000,0x000000019601a000)]
  0x00007ffec8816000 JavaThread "Finalizer" daemon [_thread_blocked, id=16899, stack(0x0000000195cd8000,0x0000000195dd8000)]
  0x00007ffeca818800 JavaThread "Reference Handler" daemon [_thread_blocked, id=16387, stack(0x0000000195bd5000,0x0000000195cd5000)]

Other Threads:
  0x00007ffeca818000 VMThread [stack: 0x0000000195ad2000,0x0000000195bd2000] [id=15875]
  0x00007ffec8833800 WatcherThread [stack: 0x0000000196326000,0x0000000196426000] [id=23555]

VM state:not at safepoint (normal execution)

VM Mutex/Monitor currently owned by a thread: None

Heap
 PSYoungGen      total 38912K, used 5423K [0x0000000164b80000, 0x0000000167680000, 0x000000018f680000)
  eden space 33792K, 16% used [0x0000000164b80000,0x00000001650cbdc0,0x0000000166c80000)
  from space 5120K, 0% used [0x0000000167180000,0x0000000167180000,0x0000000167680000)
  to   space 5120K, 0% used [0x0000000166c80000,0x0000000166c80000,0x0000000167180000)
 ParOldGen       total 87040K, used 0K [0x000000010f680000, 0x0000000114b80000, 0x0000000164b80000)
  object space 87040K, 0% used [0x000000010f680000,0x000000010f680000,0x0000000114b80000)
 PSPermGen       total 21504K, used 5487K [0x000000010a480000, 0x000000010b980000, 0x000000010f680000)
  object space 21504K, 25% used [0x000000010a480000,0x000000010a9dbe20,0x000000010b980000)

Card table byte_map: [0x000000018f680000,0x000000018faaa000] byte_map_base: 0x000000018ee2dc00

Polling page: 0x0000000107245000

Code Cache  [0x00000001072db000, 0x000000010754b000, 0x000000010a2db000)
 total_blobs=259 nmethods=6 adapters=208 free_code_cache=48724Kb largest_free_block=49892480

Compilation events (10 events):
Event: 0.899 Thread 0x00007ffec8822000    2             java.lang.String::indexOf (70 bytes)
Event: 0.901 Thread 0x00007ffec8822000 nmethod 2 0x0000000107339d50 code [0x0000000107339ea0, 0x000000010733a048]
Event: 0.912 Thread 0x00007ffec8813000    3             sun.nio.cs.UTF_8$Encoder::encode (361 bytes)
Event: 0.920 Thread 0x00007ffec8813000 nmethod 3 0x000000010733d190 code [0x000000010733d320, 0x000000010733da78]
Event: 57261.013 Thread 0x00007ffec8822000    4             java.lang.String::charAt (29 bytes)
Event: 57261.013 Thread 0x00007ffec8822000 nmethod 4 0x000000010733b310 code [0x000000010733b460, 0x000000010733b518]
Event: 57269.418 Thread 0x00007ffec8813000    5             java.io.UnixFileSystem::normalize (75 bytes)
Event: 57269.422 Thread 0x00007ffec8813000 nmethod 5 0x000000010733e910 code [0x000000010733ea80, 0x000000010733ecd8]
Event: 57269.526 Thread 0x00007ffec8822000    6             java.lang.String::lastIndexOf (52 bytes)
Event: 57269.528 Thread 0x00007ffec8822000 nmethod 6 0x000000010733e550 code [0x000000010733e6a0, 0x000000010733e828]

GC Heap History (0 events):
No events

Deoptimization events (0 events):
No events

Internal exceptions (10 events):
Event: 57269.913 Thread 0x00007ffeca001800 Threw 0x0000000164e392f0 at /HUDSON/workspace/7u-2-build-macosx-x86_64/jdk7u55/869/hotspot/src/share/vm/prims/jvm.cpp:1244
Event: 57270.515 Thread 0x00007ffeca8a4000 Threw 0x0000000164ed3d70 at /HUDSON/workspace/7u-2-build-macosx-x86_64/jdk7u55/869/hotspot/src/share/vm/prims/jvm.cpp:1244
Event: 57270.578 Thread 0x00007ffeca8a4000 Threw 0x0000000164ee2528 at /HUDSON/workspace/7u-2-build-macosx-x86_64/jdk7u55/869/hotspot/src/share/vm/prims/jvm.cpp:1244
Event: 57271.681 Thread 0x00007ffeca8a4000 Threw 0x0000000164f1c380 at /HUDSON/workspace/7u-2-build-macosx-x86_64/jdk7u55/869/hotspot/src/share/vm/prims/jvm.cpp:1244
Event: 57271.682 Thread 0x00007ffeca8a4000 Threw 0x0000000164f1e880 at /HUDSON/workspace/7u-2-build-macosx-x86_64/jdk7u55/869/hotspot/src/share/vm/prims/jvm.cpp:1244
Event: 57271.682 Thread 0x00007ffeca8a4000 Threw 0x0000000164f23aa0 at /HUDSON/workspace/7u-2-build-macosx-x86_64/jdk7u55/869/hotspot/src/share/vm/prims/jvm.cpp:1244
Event: 57271.683 Thread 0x00007ffeca8a4000 Threw 0x0000000164f26090 at /HUDSON/workspace/7u-2-build-macosx-x86_64/jdk7u55/869/hotspot/src/share/vm/prims/jvm.cpp:1244
Event: 57271.713 Thread 0x00007ffeca8a4000 Threw 0x0000000164f33980 at /HUDSON/workspace/7u-2-build-macosx-x86_64/jdk7u55/869/hotspot/src/share/vm/prims/jvm.cpp:1244
Event: 57271.714 Thread 0x00007ffeca8a4000 Threw 0x0000000164f36c50 at /HUDSON/workspace/7u-2-build-macosx-x86_64/jdk7u55/869/hotspot/src/share/vm/prims/jvm.cpp:1244
Event: 57272.937 Thread 0x00007ffeca8a4000 Threw 0x0000000164f46840 at /HUDSON/workspace/7u-2-build-macosx-x86_64/jdk7u55/869/hotspot/src/share/vm/prims/jvm.cpp:1244

Events (10 events):
Event: 57275.505 loading class 0x00007ffec9902100 done
Event: 57275.505 loading class 0x00007ffec9902130
Event: 57275.505 loading class 0x00007ffec9902130 done
Event: 57275.505 Thread 0x00007ffec9833800 Thread added: 0x00007ffec9833800
Event: 57275.505 loading class 0x00007ffec9900e90
Event: 57275.505 Executing VM operation: RevokeBias
Event: 57275.505 Executing VM operation: RevokeBias done
Event: 57276.177 loading class 0x00007ffec9902b00
Event: 57276.199 loading class 0x00007ffec9902b00 done
Event: 57276.199 loading class 0x00007ffec9900e90 done


Dynamic libraries:
0x0000000002d6a000 	/System/Library/Frameworks/Cocoa.framework/Versions/A/Cocoa
0x0000000002d6a000 	/System/Library/Frameworks/Security.framework/Versions/A/Security
0x0000000002d6a000 	/System/Library/Frameworks/ApplicationServices.framework/Versions/A/ApplicationServices
0x0000000002d6a000 	/usr/lib/libz.1.dylib
0x0000000002d6a000 	/usr/lib/libSystem.B.dylib
0x0000000002d6a000 	/usr/lib/libobjc.A.dylib
0x0000000002d6a000 	/System/Library/Frameworks/CoreFoundation.framework/Versions/A/CoreFoundation
0x0000000002d6a000 	/System/Library/Frameworks/Foundation.framework/Versions/C/Foundation
0x0000000002d6a000 	/System/Library/Frameworks/AppKit.framework/Versions/C/AppKit
0x0000000002d6a000 	/System/Library/Frameworks/CoreData.framework/Versions/A/CoreData
0x0000000002d6a000 	/System/Library/PrivateFrameworks/RemoteViewServices.framework/Versions/A/RemoteViewServices
0x0000000002d6a000 	/System/Library/Frameworks/AudioToolbox.framework/Versions/A/AudioToolbox
0x0000000002d6a000 	/System/Library/Frameworks/AudioUnit.framework/Versions/A/AudioUnit
0x0000000002d6a000 	/System/Library/PrivateFrameworks/DataDetectorsCore.framework/Versions/A/DataDetectorsCore
0x0000000002d6a000 	/System/Library/PrivateFrameworks/DesktopServicesPriv.framework/Versions/A/DesktopServicesPriv
0x0000000002d6a000 	/System/Library/Frameworks/Carbon.framework/Versions/A/Frameworks/HIToolbox.framework/Versions/A/HIToolbox
0x0000000002d6a000 	/System/Library/Frameworks/QuartzCore.framework/Versions/A/QuartzCore
0x0000000002d6a000 	/System/Library/Frameworks/Carbon.framework/Versions/A/Frameworks/SpeechRecognition.framework/Versions/A/SpeechRecognition
0x0000000002d6a000 	/usr/lib/libauto.dylib
0x0000000002d6a000 	/usr/lib/libicucore.A.dylib
0x0000000002d6a000 	/usr/lib/libxml2.2.dylib
0x0000000002d6a000 	/System/Library/PrivateFrameworks/CoreUI.framework/Versions/A/CoreUI
0x0000000002d6a000 	/System/Library/Frameworks/CoreAudio.framework/Versions/A/CoreAudio
0x0000000002d6a000 	/System/Library/Frameworks/DiskArbitration.framework/Versions/A/DiskArbitration
0x0000000002d6a000 	/usr/lib/liblangid.dylib
0x0000000002d6a000 	/System/Library/PrivateFrameworks/MultitouchSupport.framework/Versions/A/MultitouchSupport
0x0000000002d6a000 	/System/Library/Frameworks/IOKit.framework/Versions/A/IOKit
0x0000000002d6a000 	/usr/lib/libDiagnosticMessagesClient.dylib
0x0000000002d6a000 	/System/Library/Frameworks/CoreServices.framework/Versions/A/CoreServices
0x0000000002d6a000 	/System/Library/PrivateFrameworks/PerformanceAnalysis.framework/Versions/A/PerformanceAnalysis
0x0000000002d6a000 	/System/Library/PrivateFrameworks/GenerationalStorage.framework/Versions/A/GenerationalStorage
0x0000000002d6a000 	/System/Library/Frameworks/OpenGL.framework/Versions/A/OpenGL
0x0000000002d6a000 	/System/Library/Frameworks/CoreText.framework/Versions/A/CoreText
0x0000000002d6a000 	/System/Library/Frameworks/ImageIO.framework/Versions/A/ImageIO
0x0000000002d6a000 	/System/Library/PrivateFrameworks/Backup.framework/Versions/A/Backup
0x0000000002d6a000 	/System/Library/Frameworks/CFNetwork.framework/Versions/A/CFNetwork
0x0000000002d6a000 	/System/Library/Frameworks/SystemConfiguration.framework/Versions/A/SystemConfiguration
0x0000000002d6a000 	/usr/lib/libCRFSuite.dylib
0x0000000002d6a000 	/System/Library/PrivateFrameworks/TCC.framework/Versions/A/TCC
0x0000000002d6a000 	/usr/lib/libc++.1.dylib
0x0000000002d6a000 	/usr/lib/libc++abi.dylib
0x0000000002d6a000 	/usr/lib/system/libcache.dylib
0x0000000002d6a000 	/usr/lib/system/libcommonCrypto.dylib
0x0000000002d6a000 	/usr/lib/system/libcompiler_rt.dylib
0x0000000002d6a000 	/usr/lib/system/libcopyfile.dylib
0x0000000002d6a000 	/usr/lib/system/libdispatch.dylib
0x0000000002d6a000 	/usr/lib/system/libdnsinfo.dylib
0x0000000002d6a000 	/usr/lib/system/libdyld.dylib
0x0000000002d6a000 	/usr/lib/system/libkeymgr.dylib
0x0000000002d6a000 	/usr/lib/system/liblaunch.dylib
0x0000000002d6a000 	/usr/lib/system/libmacho.dylib
0x0000000002d6a000 	/usr/lib/system/libquarantine.dylib
0x0000000002d6a000 	/usr/lib/system/libremovefile.dylib
0x0000000002d6a000 	/usr/lib/system/libsystem_blocks.dylib
0x0000000002d6a000 	/usr/lib/system/libsystem_c.dylib
0x0000000002d6a000 	/usr/lib/system/libsystem_dnssd.dylib
0x0000000002d6a000 	/usr/lib/system/libsystem_info.dylib
0x0000000002d6a000 	/usr/lib/system/libsystem_kernel.dylib
0x0000000002d6a000 	/usr/lib/system/libsystem_m.dylib
0x0000000002d6a000 	/usr/lib/system/libsystem_network.dylib
0x0000000002d6a000 	/usr/lib/system/libsystem_notify.dylib
0x0000000002d6a000 	/usr/lib/system/libsystem_sandbox.dylib
0x0000000002d6a000 	/usr/lib/system/libunc.dylib
0x0000000002d6a000 	/usr/lib/system/libunwind.dylib
0x0000000002d6a000 	/usr/lib/system/libxpc.dylib
0x0000000002d6a000 	/usr/lib/system/libcorecrypto.dylib
0x0000000002d6a000 	/usr/lib/libstdc++.6.dylib
0x0000000002d6a000 	/usr/lib/libbsm.0.dylib
0x0000000002d6a000 	/usr/lib/libsqlite3.dylib
0x0000000002d6a000 	/usr/lib/libxar.1.dylib
0x0000000002d6a000 	/usr/lib/libpam.2.dylib
0x0000000002d6a000 	/usr/lib/libOpenScriptingUtil.dylib
0x0000000002d6a000 	/usr/lib/libbz2.1.0.dylib
0x0000000002d6a000 	/System/Library/Frameworks/CoreServices.framework/Versions/A/Frameworks/CarbonCore.framework/Versions/A/CarbonCore
0x0000000002d6a000 	/System/Library/Frameworks/CoreServices.framework/Versions/A/Frameworks/Metadata.framework/Versions/A/Metadata
0x0000000002d6a000 	/System/Library/Frameworks/CoreServices.framework/Versions/A/Frameworks/OSServices.framework/Versions/A/OSServices
0x0000000002d6a000 	/System/Library/Frameworks/CoreServices.framework/Versions/A/Frameworks/SearchKit.framework/Versions/A/SearchKit
0x0000000002d6a000 	/System/Library/Frameworks/CoreServices.framework/Versions/A/Frameworks/AE.framework/Versions/A/AE
0x0000000002d6a000 	/System/Library/Frameworks/CoreServices.framework/Versions/A/Frameworks/LaunchServices.framework/Versions/A/LaunchServices
0x0000000002d6a000 	/System/Library/Frameworks/CoreServices.framework/Versions/A/Frameworks/DictionaryServices.framework/Versions/A/DictionaryServices
0x0000000002d6a000 	/System/Library/Frameworks/NetFS.framework/Versions/A/NetFS
0x0000000002d6a000 	/usr/lib/system/libkxld.dylib
0x0000000002d6a000 	/System/Library/PrivateFrameworks/NetAuth.framework/Versions/A/NetAuth
0x0000000002d6a000 	/System/Library/Frameworks/OpenDirectory.framework/Versions/A/Frameworks/CFOpenDirectory.framework/Versions/A/CFOpenDirectory
0x0000000002d6a000 	/usr/lib/libxslt.1.dylib
0x0000000002d6a000 	/System/Library/PrivateFrameworks/FamilyControls.framework/Versions/A/FamilyControls
0x0000000002d6a000 	/System/Library/Frameworks/Carbon.framework/Versions/A/Frameworks/Ink.framework/Versions/A/Ink
0x0000000002d6a000 	/System/Library/Frameworks/ApplicationServices.framework/Versions/A/Frameworks/CoreGraphics.framework/Versions/A/CoreGraphics
0x0000000002d6a000 	/System/Library/Frameworks/ApplicationServices.framework/Versions/A/Frameworks/ATS.framework/Versions/A/ATS
0x0000000002d6a000 	/System/Library/Frameworks/ApplicationServices.framework/Versions/A/Frameworks/ColorSync.framework/Versions/A/ColorSync
0x0000000002d6a000 	/System/Library/Frameworks/ApplicationServices.framework/Versions/A/Frameworks/HIServices.framework/Versions/A/HIServices
0x0000000002d6a000 	/System/Library/Frameworks/ApplicationServices.framework/Versions/A/Frameworks/LangAnalysis.framework/Versions/A/LangAnalysis
0x0000000002d6a000 	/System/Library/Frameworks/ApplicationServices.framework/Versions/A/Frameworks/PrintCore.framework/Versions/A/PrintCore
0x0000000002d6a000 	/System/Library/Frameworks/ApplicationServices.framework/Versions/A/Frameworks/QD.framework/Versions/A/QD
0x0000000002d6a000 	/System/Library/Frameworks/ApplicationServices.framework/Versions/A/Frameworks/SpeechSynthesis.framework/Versions/A/SpeechSynthesis
0x0000000002d6a000 	/System/Library/Frameworks/IOSurface.framework/Versions/A/IOSurface
0x0000000002d6a000 	/System/Library/Frameworks/Accelerate.framework/Versions/A/Accelerate
0x0000000002d6a000 	/System/Library/Frameworks/ApplicationServices.framework/Versions/A/Frameworks/ATS.framework/Versions/A/Resources/libFontParser.dylib
0x0000000002d6a000 	/System/Library/Frameworks/ApplicationServices.framework/Versions/A/Frameworks/ATS.framework/Versions/A/Resources/libFontRegistry.dylib
0x0000000002d6a000 	/System/Library/Frameworks/Accelerate.framework/Versions/A/Frameworks/vImage.framework/Versions/A/vImage
0x0000000002d6a000 	/System/Library/Frameworks/Accelerate.framework/Versions/A/Frameworks/vecLib.framework/Versions/A/vecLib
0x0000000002d6a000 	/System/Library/Frameworks/Accelerate.framework/Versions/A/Frameworks/vecLib.framework/Versions/A/libvDSP.dylib
0x0000000002d6a000 	/System/Library/Frameworks/Accelerate.framework/Versions/A/Frameworks/vecLib.framework/Versions/A/libvMisc.dylib
0x0000000002d6a000 	/System/Library/Frameworks/Accelerate.framework/Versions/A/Frameworks/vecLib.framework/Versions/A/libLAPACK.dylib
0x0000000002d6a000 	/System/Library/Frameworks/Accelerate.framework/Versions/A/Frameworks/vecLib.framework/Versions/A/libBLAS.dylib
0x0000000002d6a000 	/System/Library/Frameworks/ImageIO.framework/Versions/A/Resources/libJPEG.dylib
0x0000000002d6a000 	/System/Library/Frameworks/ImageIO.framework/Versions/A/Resources/libTIFF.dylib
0x0000000002d6a000 	/System/Library/Frameworks/ImageIO.framework/Versions/A/Resources/libPng.dylib
0x0000000002d6a000 	/System/Library/Frameworks/ImageIO.framework/Versions/A/Resources/libGIF.dylib
0x0000000002d6a000 	/System/Library/Frameworks/ImageIO.framework/Versions/A/Resources/libJP2.dylib
0x0000000002d6a000 	/System/Library/Frameworks/ImageIO.framework/Versions/A/Resources/libRadiance.dylib
0x0000000002d6a000 	/usr/lib/libcups.2.dylib
0x0000000002d6a000 	/System/Library/Frameworks/Kerberos.framework/Versions/A/Kerberos
0x0000000002d6a000 	/System/Library/Frameworks/GSS.framework/Versions/A/GSS
0x0000000002d6a000 	/usr/lib/libresolv.9.dylib
0x0000000002d6a000 	/usr/lib/libiconv.2.dylib
0x0000000002d6a000 	/System/Library/PrivateFrameworks/Heimdal.framework/Versions/A/Heimdal
0x0000000002d6a000 	/System/Library/PrivateFrameworks/TrustEvaluationAgent.framework/Versions/A/TrustEvaluationAgent
0x0000000002d6a000 	/System/Library/Frameworks/OpenDirectory.framework/Versions/A/OpenDirectory
0x0000000002d6a000 	/System/Library/PrivateFrameworks/CommonAuth.framework/Versions/A/CommonAuth
0x0000000002d6a000 	/System/Library/PrivateFrameworks/Bom.framework/Versions/A/Bom
0x0000000002d6a000 	/System/Library/Frameworks/CoreVideo.framework/Versions/A/CoreVideo
0x0000000002d6a000 	/System/Library/Frameworks/QuartzCore.framework/Versions/A/Frameworks/CoreImage.framework/Versions/A/CoreImage
0x0000000002d6a000 	/System/Library/Frameworks/QuartzCore.framework/Versions/A/Frameworks/ScalableUserInterface.framework/Versions/A/ScalableUserInterface
0x0000000002d6a000 	/System/Library/Frameworks/OpenGL.framework/Versions/A/Libraries/libGLU.dylib
0x0000000002d6a000 	/System/Library/Frameworks/OpenGL.framework/Versions/A/Libraries/libGFXShared.dylib
0x0000000002d6a000 	/System/Library/Frameworks/OpenGL.framework/Versions/A/Libraries/libGL.dylib
0x0000000002d6a000 	/System/Library/Frameworks/OpenGL.framework/Versions/A/Libraries/libGLImage.dylib
0x0000000002d6a000 	/System/Library/Frameworks/OpenGL.framework/Versions/A/Libraries/libCVMSPluginSupport.dylib
0x0000000002d6a000 	/System/Library/Frameworks/OpenGL.framework/Versions/A/Libraries/libCoreVMClient.dylib
0x0000000002d6a000 	/System/Library/PrivateFrameworks/CrashReporterSupport.framework/Versions/A/CrashReporterSupport
0x0000000002d6a000 	/System/Library/Frameworks/OpenCL.framework/Versions/A/OpenCL
0x0000000002d6a000 	/System/Library/PrivateFrameworks/FaceCoreLight.framework/Versions/A/FaceCoreLight
0x0000000002d6a000 	/System/Library/PrivateFrameworks/AppleFSCompression.framework/Versions/A/AppleFSCompression
0x0000000002d6a000 	/System/Library/PrivateFrameworks/Ubiquity.framework/Versions/A/Ubiquity
0x0000000002d6a000 	/System/Library/Frameworks/ServiceManagement.framework/Versions/A/ServiceManagement
0x0000000002d6a000 	/System/Library/PrivateFrameworks/ChunkingLibrary.framework/Versions/A/ChunkingLibrary
0x0000000002d6a000 	/System/Library/Frameworks/vecLib.framework/Versions/A/vecLib
0x0000000002d6a000 	/System/Library/Frameworks/SecurityFoundation.framework/Versions/A/SecurityFoundation
0x0000000002d6a000 	/System/Library/PrivateFrameworks/CommerceKit.framework/Versions/A/Frameworks/CommerceCore.framework/Versions/A/CommerceCore
0x0000000002d6a000 	/System/Library/PrivateFrameworks/CoreSymbolication.framework/Versions/A/CoreSymbolication
0x0000000002d6a000 	/System/Library/PrivateFrameworks/Symbolication.framework/Versions/A/Symbolication
0x0000000002d6a000 	/System/Library/PrivateFrameworks/DebugSymbols.framework/Versions/A/DebugSymbols
0x00000001066b2000 	/Applications/MATLAB_R2014b.app/sys/java/jre/maci64/jre/lib/./server/libjvm.dylib
0x0000000107208000 	/Applications/MATLAB_R2014b.app/sys/java/jre/maci64/jre/lib/libverify.dylib
0x0000000107215000 	/Applications/MATLAB_R2014b.app/sys/java/jre/maci64/jre/lib/libjava.dylib
0x00000001072d2000 	/Applications/MATLAB_R2014b.app/sys/java/jre/maci64/jre/lib/libzip.dylib
0x0000000195dda000 	/System/Library/Frameworks/JavaVM.framework/Frameworks/JavaRuntimeSupport.framework/JavaRuntimeSupport
0x0000000195df2000 	/System/Library/Frameworks/JavaVM.framework/Versions/A/Frameworks/JavaNativeFoundation.framework/Versions/A/JavaNativeFoundation
0x000000010a3ef000 	/System/Library/Frameworks/JavaVM.framework/Versions/A/JavaVM
0x0000000002d6a000 	/System/Library/Frameworks/Carbon.framework/Versions/A/Carbon
0x0000000195e07000 	/System/Library/PrivateFrameworks/JavaLaunching.framework/Versions/A/JavaLaunching
0x0000000002d6a000 	/System/Library/Frameworks/Carbon.framework/Versions/A/Frameworks/CommonPanels.framework/Versions/A/CommonPanels
0x0000000002d6a000 	/System/Library/Frameworks/Carbon.framework/Versions/A/Frameworks/Help.framework/Versions/A/Help
0x0000000002d6a000 	/System/Library/Frameworks/Carbon.framework/Versions/A/Frameworks/ImageCapture.framework/Versions/A/ImageCapture
0x0000000002d6a000 	/System/Library/Frameworks/Carbon.framework/Versions/A/Frameworks/OpenScripting.framework/Versions/A/OpenScripting
0x0000000002d6a000 	/System/Library/Frameworks/Carbon.framework/Versions/A/Frameworks/Print.framework/Versions/A/Print
0x0000000002d6a000 	/System/Library/Frameworks/Carbon.framework/Versions/A/Frameworks/SecurityHI.framework/Versions/A/SecurityHI
0x0000000195e13000 	/Applications/MATLAB_R2014b.app/sys/java/jre/maci64/jre/lib/libawt.dylib
0x000000019648d000 	/Applications/MATLAB_R2014b.app/sys/java/jre/maci64/jre/lib/./libmlib_image.dylib
0x0000000196559000 	/Applications/MATLAB_R2014b.app/sys/java/jre/maci64/jre/lib/lwawt/liblwawt.dylib
0x0000000195ec2000 	/Applications/MATLAB_R2014b.app/sys/java/jre/maci64/jre/lib/libosxapp.dylib
0x0000000195ede000 	/System/Library/Frameworks/ExceptionHandling.framework/Versions/A/ExceptionHandling
0x0000000002d6a000 	/System/Library/PrivateFrameworks/CoreServicesInternal.framework/Versions/A/CoreServicesInternal
0x0000000002d6a000 	/System/Library/PrivateFrameworks/Librarian.framework/Versions/A/Librarian
0x0000000002d6a000 	/System/Library/Frameworks/ApplicationServices.framework/Versions/A/Frameworks/CoreGraphics.framework/Versions/A/Resources/libCSync.A.dylib
0x0000000002d6a000 	/System/Library/CoreServices/RawCamera.bundle/Contents/MacOS/RawCamera
0x0000000002d6a000 	/System/Library/Frameworks/ApplicationServices.framework/Versions/A/Frameworks/CoreGraphics.framework/Versions/A/Resources/libRIP.A.dylib
0x0000000197904000 	/Applications/MATLAB_R2014b.app/sys/java/jre/maci64/jre/lib/libfontmanager.dylib
0x000000019796b000 	/Applications/MATLAB_R2014b.app/sys/java/jre/maci64/jre/lib/libosxui.dylib
0x000000019a152000 	/System/Library/Frameworks/OpenGL.framework/Resources/GLEngine.bundle/GLEngine
0x000000019a347000 	/System/Library/Frameworks/OpenGL.framework/Versions/A/Libraries/libGLProgrammability.dylib
0x000000019a4ef000 	/System/Library/Extensions/AppleIntelHD4000GraphicsGLDriver.bundle/Contents/MacOS/AppleIntelHD4000GraphicsGLDriver
0x000000019874f000 	/System/Library/PrivateFrameworks/IOAccelerator.framework/Versions/A/IOAccelerator
0x000000019875c000 	/System/Library/PrivateFrameworks/GPUSupport.framework/Versions/A/Libraries/libGPUSupportMercury.dylib
0x0000000198770000 	/System/Library/Frameworks/OpenGL.framework/Resources//GLRendererFloat.bundle/GLRendererFloat
0x00000001987a4000 	/System/Library/Frameworks/OpenCL.framework/Versions/A/Libraries/libcldcpuengine.dylib
0x0000000002d6a000 	/System/Library/PrivateFrameworks/DiskImages.framework/Versions/A/DiskImages
0x0000000002d6a000 	/System/Library/Frameworks/DiscRecording.framework/Versions/A/DiscRecording
0x0000000199899000 	/Applications/MATLAB_R2014b.app/bin/maci64/libcurl.4.dylib
0x0000000002d6a000 	/System/Library/PrivateFrameworks/MediaKit.framework/Versions/A/MediaKit

VM Arguments:
java_command: com.mathworks.fatalexit.FatalExitFrame /Users/petermao/matlab_crash_dump.25947-1
Launcher Type: SUN_STANDARD

Environment Variables:
PATH=/opt/local/bin:/opt/local/sbin:/Users/petermao/Library/Enthought/Canopy_64bit/User/bin:/Library/Frameworks/EPD64.framework/Versions/Current/bin:/opt/local/bin:/opt/local/sbin:./:/usr/bin:/bin:/usr/sbin:/sbin:/usr/local/bin:/opt/X11/bin:/Users/petermao/bin:/Users/petermao/bin/perl:/usr/texbin:/usr/local/bin:/Users/petermao/Downloads/root/bin:/opt/X11/bin
SHELL=/bin/bash
DISPLAY=/tmp/launch-wwBGrL/org.macosforge.xquartz:0
ARCH=maci64
DYLD_LIBRARY_PATH=/Applications/MATLAB_R2014b.app/sys/os/maci64:/Applications/MATLAB_R2014b.app/bin/maci64/../../Contents/MacOS:/Applications/MATLAB_R2014b.app/bin/maci64:/Applications/MATLAB_R2014b.app/extern/lib/maci64:/Applications/MATLAB_R2014b.app/runtime/maci64:/Applications/MATLAB_R2014b.app/sys/java/jre/maci64/jre/lib/./native_threads:/Applications/MATLAB_R2014b.app/sys/java/jre/maci64/jre/lib/./server:/Applications/MATLAB_R2014b.app/sys/java/jre/maci64/jre/lib/./lib/jli::/Users/petermao/Downloads/root/lib
DYLD_FRAMEWORK_PATH=/Applications/MATLAB_R2014b.app/sys/os/maci64:/Applications/MATLAB_R2014b.app/bin/maci64/../../Contents/MacOS:/Applications/MATLAB_R2014b.app/bin/maci64:/Applications/MATLAB_R2014b.app/extern/lib/maci64:/Applications/MATLAB_R2014b.app/runtime/maci64:/Applications/MATLAB_R2014b.app/sys/java/jre/maci64/jre/lib/./native_threads:/Applications/MATLAB_R2014b.app/sys/java/jre/maci64/jre/lib/./server:/Applications/MATLAB_R2014b.app/sys/java/jre/maci64/jre/lib/./lib/jli

Signal Handlers:
SIGSEGV: [libjvm.dylib+0x5253e5], sa_mask[0]=0xfffefeff, sa_flags=0x00000043
SIGBUS: [libjvm.dylib+0x5253e5], sa_mask[0]=0xfffefeff, sa_flags=0x00000042
SIGFPE: [libjvm.dylib+0x4188a2], sa_mask[0]=0xfffefeff, sa_flags=0x00000042
SIGPIPE: [libjvm.dylib+0x4188a2], sa_mask[0]=0xfffefeff, sa_flags=0x00000042
SIGXFSZ: [libjvm.dylib+0x4188a2], sa_mask[0]=0xfffefeff, sa_flags=0x00000042
SIGILL: [libjvm.dylib+0x4188a2], sa_mask[0]=0xfffefeff, sa_flags=0x00000042
SIGUSR1: SIG_DFL, sa_mask[0]=0x0c482006, sa_flags=0x00000000
SIGUSR2: [libjvm.dylib+0x418394], sa_mask[0]=0x08021002, sa_flags=0x00000042
SIGHUP: [libjvm.dylib+0x416623], sa_mask[0]=0xfffefeff, sa_flags=0x00000042
SIGINT: [libjvm.dylib+0x416623], sa_mask[0]=0xfffefeff, sa_flags=0x00000042
SIGTERM: [libjvm.dylib+0x416623], sa_mask[0]=0xfffefeff, sa_flags=0x00000042
SIGQUIT: [libjvm.dylib+0x416623], sa_mask[0]=0xfffefeff, sa_flags=0x00000042


---------------  S Y S T E M  ---------------

OS:Bsduname:Darwin 12.5.0 Darwin Kernel Version 12.5.0: Sun Sep 29 13:33:47 PDT 2013; root:xnu-2050.48.12~1/RELEASE_X86_64 x86_64
rlimit: STACK 8515k, CORE 0k, NPROC 709, NOFILE 10240, AS infinity
load average:12.43 4.05 2.10

CPU:total 4 (2 cores per cpu, 2 threads per core) family 6 model 58 stepping 9, cmov, cx8, fxsr, mmx, sse, sse2, sse3, ssse3, sse4.1, sse4.2, popcnt, avx, aes, erms, ht, tsc, tscinvbit, tscinv

Memory: 4k page, physical 8388608k(2097152k free)

/proc/meminfo:


vm_info: Java HotSpot(TM) 64-Bit Server VM (24.55-b03) for bsd-amd64 JRE (1.7.0_55-b13), built on Mar 17 2014 19:40:08 by "java_re" with gcc 4.2.1 (Based on Apple Inc. build 5658) (LLVM build 2336.11.00)

time: Wed May 18 08:24:53 2016
elapsed time: 57279 seconds

